

Testing for ann_test1_meta.json
10000 vectors with dimension D = 2
Finding 10 nearest vectors to vector X
KNN: 0.970707 seconds
10 nearest neighbors to find
Warning: K-means only supports l2 and cosine distances. Using l2 instead of dot.
ann_search function took - 0.07647943496704102
ANN - Top K nearest neighbors indices: [1087 3102  846 5514 3471 1517 2492 4606  692 5274]
ANN: 1.041292 seconds
Recall Rate: 0.0


Testing for ann_test2_meta.json
10000 vectors with dimension D = 1024
Finding 10 nearest vectors to vector X
KNN: 0.010676 seconds
10 nearest neighbors to find
ann_search function took - 0.0053060054779052734
ANN - Top K nearest neighbors indices: [4875 9423 9995 8772 7924 7847 9209 8518  946 7099]
ANN: 1.865588 seconds
Recall Rate: 1.0


Testing for ann_test3_meta.json
4000 vectors with dimension D = 100
Finding 10 nearest vectors to vector X
KNN: 0.001167 seconds
10 nearest neighbors to find
ann_search function took - 0.0013971328735351562
ANN - Top K nearest neighbors indices: [ 596 3585 3971  572 2517  292  649 1036  300  285]
ANN: 0.791900 seconds
Recall Rate: 0.7


Testing for ann_test4_meta.json
40000 vectors with dimension D = 100
Finding 10 nearest vectors to vector X
KNN: 0.003579 seconds
10 nearest neighbors to find
ann_search function took - 0.0026633739471435547
ANN - Top K nearest neighbors indices: [ 8097 23897  9654 21250 22553 15914 20494 10081 33205  1840]
ANN: 1.311397 seconds
Recall Rate: 1.0


Testing for ann_test5_meta.json
400000 vectors with dimension D = 100
Finding 10 nearest vectors to vector X
KNN: 0.032352 seconds
10 nearest neighbors to find
ann_search function took - 0.021527528762817383
ANN - Top K nearest neighbors indices: [342143 185295  71895  65245 132618 166736 250913 318398 287728 292576]
ANN: 11.425216 seconds
Recall Rate: 1.0


Testing for ann_test6_meta.json
100000 vectors with dimension D = 1024
Finding 10 nearest vectors to vector X
KNN: 0.073680 seconds
10 nearest neighbors to find
ann_search function took - 0.04359626770019531
ANN - Top K nearest neighbors indices: [91123 47325 23675 44880 58989 77008 90318 92983 79946 65069]
ANN: 16.225542 seconds
Recall Rate: 1.0


Testing for ann_test7_meta.json
1000000 vectors with dimension D = 100
Finding 10 nearest vectors to vector X
KNN: 0.075793 seconds
10 nearest neighbors to find
ann_search function took - 0.05255317687988281
ANN - Top K nearest neighbors indices: [969888 139706 695957 751323 831351 932404 208700 349534 177293 557405]
ANN: 34.464494 seconds
Recall Rate: 0.0


Testing for ann_test8_meta.json
2000000 vectors with dimension D = 100
Finding 10 nearest vectors to vector X
KNN: 0.446831 seconds
10 nearest neighbors to find
ann_search function took - 0.09783387184143066
ANN - Top K nearest neighbors indices: [ 471143  184789 1466179 1355750 1962310 1039436 1319413  507703 1061663
 1780275]
ANN: 69.622096 seconds
Recall Rate: 1.0


Testing for ann_test9_meta.json
4000000 vectors with dimension D = 100
Finding 10 nearest vectors to vector X
KNN: 0.295564 seconds
10 nearest neighbors to find
ann_search function took - 0.20681548118591309
ANN - Top K nearest neighbors indices: [100 120 129 138 175 178 188 228 272 305]
ANN: 142.316491 seconds
Recall Rate: 0.0


Testing for ann_test10_meta.json
40000 vectors with dimension D = 100
Finding 10 nearest vectors to vector X
KNN: 0.003649 seconds
10 nearest neighbors to find
ann_search function took - 0.0026268959045410156
ANN - Top K nearest neighbors indices: [ 8097  9654 21250 23897 16610  7746 22553 33205 18746 14227]
ANN: 1.283115 seconds
Recall Rate: 1.0
