

------------------------


For 2D: 
KNN: 0.460640 seconds
A to torch tensor took - 0.00018596649169921875
our_kmeans took - 0.40909862518310547
ann_search function took - 0.028388500213623047
ANN - Top K nearest neighbors indices: [696  27  38 474  54 958  29 841 399 802 912 505 222 878 600 998 145 601
 916 703 305 500 860 974 108 586 891 578 397  66 451 223  49 375 641 320
 932 205 650 951 999 965 413 929 446 820 418 569 348 417 287 807 176 803
 853 169 851 271 502 746 714 610]
ANN Time: 0.438370 seconds
Recall Rate: 0.0


------------------------


For 215: 
KNN: 0.024005 seconds
A to torch tensor took - 0.02404165267944336
our_kmeans took - 0.025957107543945312
ann_search function took - 0.005884885787963867
ANN - Top K nearest neighbors indices: [445 805 714 520 601 823 217 890 173 328  13 662 704 244 692 843 219 829
 710 360  20 668 334 115 737 257  46 522 283 969 318 688 175 483 546 346
 812 192 295 548 418 369 208   4 656 980  79 386 684 461 957 280 928 435
 254  78 740 865 474 542 644 288]
ANN: 0.063419 seconds
Recall Rate: 0.9


------------------------


For 4k 
KNN: 0.001084 seconds
A to torch tensor took - 0.0003573894500732422
our_kmeans took - 0.04600119590759277
ann_search function took - 0.009323835372924805
ANN - Top K nearest neighbors indices: [2998 2809 3047  159 2344  261 3956 1690 3651 1738 3386 3510 3593 2067
 2839  454 2380 3076 3232 3985 3476 1189 3249  253 1378 3868  699 2566
 3431 2397 3640  582 3000  819 3870  590 3577 1254 1628 1648 1976 3572
 3289  594 2532  965 2327 1830 1622 3963  233 3316 1744 1951 1498 1928
 2421 2729 1267 2255  666 2144   74 2017 2773  394 1469 2641  934 1012
 1547  455 1397 2340 3020 2984 3595 1281  810 2127  777  404   91 1497
  208  499 2635  562 3367  252 3515 2512   24 3410 2208  657 1716 2863
 3002 1995 1575 1996 3839 3454 1956 2449  346 1843 2444 3707 3995 2947
 1899  154 1529 3425 2988 3396 2837 2573 2714 3073 1169  997 3008 3024]
ANN: 0.056398 seconds
Recall Rate: 0.8


------------------------


For 40k 
KNN: 0.040317 seconds
A to torch tensor took - 0.002735137939453125
our_kmeans took - 0.5188775062561035
ann_search function took - 0.0158538818359375
ANN - Top K nearest neighbors indices: [ 1842 36925  3200  5315 18033 20596  8022 19008 16136 26719 35439   857
 21305  9074 30231 25687 33638 27296 26822  7691 33986 15949 34128 15820
 10529 12600  2594 38603  1826 28258 26750 36593 36143 14441 35198 30086
 16588 17182 16709 12256 27753 35013 10038  4730 21774 39695 30214 15648
  6485 28471 15510 31485 22054 32658  7444 17391 27573 19086 23758 28365
 37026  5435 10413   715 10727 27111 33139 30225 34062 13099 12470  4954
 27221  9561 23203 36086 14727  9027 21734 17977  6975  7885 24097 37773
 13886 13760 30324 21210 37820  8378 26261  4089  7978 22001 20462 34279
  5459 36365 31389 27116  8410 31567 16842 31880 22831   972  1790  1174
 25866  4037 26359 35961 28421 36050 14796 15349 15827  6011 22070  2878
 20071 31249 39027 28418 33079 18356 23356 13082 28162 28063 10792  2835
 22457 19968  5385 20417 17041 25948  2880 16495 24022 27957 17531  2452
  5116 19402 30617 26604  3236  9592 11869 26636  3923 25558 19923 14228
 25798 19695 38461 34893 14997 34650 36263 21070 20787   938 26317 22625
 23062 35820 35278 38779 19201 20880 21546  4459  6254 37306 17007  4265
 36178 32123 23056 37728 11830  1394 20399 25058 38998  9455 31507 35822
 24637 22592 22700 15311 27983 13059 36425  4041]
ANN: 0.538655 seconds
Recall Rate: 0.6


------------------------


For 4m 
KNN: 0.286056 seconds
A to torch tensor took - 0.23865795135498047
our_kmeans took - 83.90016722679138
ann_search function took - 0.016504526138305664
ANN - Top K nearest neighbors indices: [97924 88443 62784 10896 14471 22874 48145 25315  7548  7148 62920 92244
 23273 14446 80339 71483 14224  9683 77787 33521  2608 24249 62645 84988
 97682 87695 60626 97794  4757 72059 16949 66398 29543 44550 10400  5896
 47558 21577 72525  6426 29450 81846 45858 30580 43731 42528 58162 24367
  3446 14525 30988 28234 75569  9909 36352 55314 24980 50179 40438  3263
 89281 94646 69403  3121 46594 44960 21160 57521 50474 65074 35180 94817
 62010 94704 68414 32988 33370  2994   522 90015 70228 23511 55778 45435
 98553 47019 55974 86597  4925 68416 84078 44189 39891 27329 31887 30233
 64858 48460 68302 13006 81809 32942 30804 12392 81144 23191 10103 73911
 48201 52243 35911 27119 39954 82565 65683   324 60856 33126 54874 85770
 92466  3552 74982 68430 26253 59216 47038 78719 25728 99666 87363 82931
 12902 58994 43940 80237 16888 66374 31179 47037 76065 21092 17545  5378
 40936  1706  6471 91907  8454 59434 96716   379 54995 55405 81731  3626
 55953 79783 12363 62317 64831 70753  8987 50933  6736 29174 43815 42748
 25512 51377 37379 64497 93291 24208 29930 46626 11229 24222 44111 52594
 25268   711 96292 82042 96249 87614 64173 92557 64773 35660 75797  6197
 96221 34689  7076  3530 73020 57736 68699 72121]
ANN: 84.158308 seconds
Recall Rate: 0.0
